INFO  time: initialize in 0.69s
WARN  no build tool detected in workspace 'E:\MY_PROJECTS\Laravel\2_Project\Cool_soft'. The most common cause for this problem is that the editor was opened in the wrong working directory, for example if you use sbt then the workspace directory should contain build.sbt. 
Dec 05, 2019 4:23:51 PM org.eclipse.lsp4j.jsonrpc.services.GenericEndpoint notify
INFO: Unsupported notification method: $/setTraceNotification
INFO  shutting down Metals
INFO  time: initialize in 0.72s
WARN  no build tool detected in workspace 'E:\MY_PROJECTS\Laravel\2_Project\Cool_soft'. The most common cause for this problem is that the editor was opened in the wrong working directory, for example if you use sbt then the workspace directory should contain build.sbt. 
INFO  shutting down Metals
INFO  time: initialize in 0.83s
WARN  no build tool detected in workspace 'E:\MY_PROJECTS\Laravel\2_Project\Cool_soft'. The most common cause for this problem is that the editor was opened in the wrong working directory, for example if you use sbt then the workspace directory should contain build.sbt. 
INFO  shutting down Metals
INFO  time: initialize in 0.39s
WARN  no build tool detected in workspace 'E:\MY_PROJECTS\Laravel\2_Project\Cool_soft'. The most common cause for this problem is that the editor was opened in the wrong working directory, for example if you use sbt then the workspace directory should contain build.sbt. 
INFO  shutting down Metals
INFO  time: initialize in 0.59s
WARN  no build tool detected in workspace 'E:\MY_PROJECTS\Laravel\2_Project\Cool_soft'. The most common cause for this problem is that the editor was opened in the wrong working directory, for example if you use sbt then the workspace directory should contain build.sbt. 
INFO  shutting down Metals
INFO  time: initialize in 0.71s
WARN  no build tool detected in workspace 'E:\MY_PROJECTS\Laravel\2_Project\Cool_soft'. The most common cause for this problem is that the editor was opened in the wrong working directory, for example if you use sbt then the workspace directory should contain build.sbt. 
INFO  shutting down Metals
